<?xml version="1.0" encoding="UTF-8"?>
<!-- Generated by org.testng.reporters.JUnitReportReporter -->
<testsuite hostname="Mayura-Kale" failures="0" tests="1" name="testcases.CareersApplyTests" time="5.554" errors="0" timestamp="2023-07-16T22:49:47 IST" skipped="0">
  <testcase classname="testcases.CareersApplyTests" name="validateJoinUs" time="5.554"/>
  <system-out/>
</testsuite> <!-- testcases.CareersApplyTests -->
